{"/Users/farzana/megaminds5/server/server.js": {"path":"/Users/farzana/megaminds5/server/server.js","statementMap":{"0":{"start":{"line":1,"column":16},"end":{"line":1,"column":34}},"1":{"start":{"line":2,"column":13},"end":{"line":2,"column":28}},"2":{"start":{"line":4,"column":15},"end":{"line":4,"column":24}},"3":{"start":{"line":5,"column":0},"end":{"line":5,"column":19}},"4":{"start":{"line":6,"column":0},"end":{"line":6,"column":27}},"5":{"start":{"line":7,"column":20},"end":{"line":7,"column":50}},"6":{"start":{"line":9,"column":0},"end":{"line":9,"column":34}},"7":{"start":{"line":12,"column":0},"end":{"line":12,"column":69}},"8":{"start":{"line":12,"column":30},"end":{"line":12,"column":67}},"9":{"start":{"line":14,"column":0},"end":{"line":14,"column":24}}},"fnMap":{"0":{"name":"(anonymous_0)","decl":{"start":{"line":12,"column":16},"end":{"line":12,"column":17}},"loc":{"start":{"line":12,"column":30},"end":{"line":12,"column":67}},"line":12}},"branchMap":{},"s":{"0":1,"1":1,"2":1,"3":1,"4":1,"5":1,"6":1,"7":1,"8":1,"9":1},"f":{"0":1},"b":{},"_coverageSchema":"1a1c01bbd47fc00a2c39e90264f33305004495a9","hash":"5b00b23afac10477d7946d102f2d469dab1cab5d"}
,"/Users/farzana/megaminds5/server/controllers/users.js": {"path":"/Users/farzana/megaminds5/server/controllers/users.js","statementMap":{"0":{"start":{"line":1,"column":14},"end":{"line":1,"column":39}},"1":{"start":{"line":4,"column":4},"end":{"line":10,"column":5}},"2":{"start":{"line":5,"column":22},"end":{"line":5,"column":37}},"3":{"start":{"line":6,"column":8},"end":{"line":6,"column":36}},"4":{"start":{"line":8,"column":8},"end":{"line":8,"column":38}},"5":{"start":{"line":14,"column":4},"end":{"line":20,"column":5}},"6":{"start":{"line":15,"column":21},"end":{"line":15,"column":29}},"7":{"start":{"line":16,"column":29},"end":{"line":16,"column":57}},"8":{"start":{"line":17,"column":8},"end":{"line":17,"column":43}},"9":{"start":{"line":19,"column":8},"end":{"line":19,"column":38}},"10":{"start":{"line":23,"column":0},"end":{"line":23,"column":42}}},"fnMap":{"0":{"name":"getAllUsers","decl":{"start":{"line":3,"column":15},"end":{"line":3,"column":26}},"loc":{"start":{"line":3,"column":38},"end":{"line":11,"column":1}},"line":3},"1":{"name":"createUser","decl":{"start":{"line":13,"column":15},"end":{"line":13,"column":25}},"loc":{"start":{"line":13,"column":37},"end":{"line":21,"column":1}},"line":13}},"branchMap":{},"s":{"0":2,"1":1,"2":1,"3":1,"4":0,"5":1,"6":1,"7":1,"8":1,"9":0,"10":2},"f":{"0":1,"1":1},"b":{},"_coverageSchema":"1a1c01bbd47fc00a2c39e90264f33305004495a9","hash":"d8f40351cb3bc4faceea852718f9490f84275bd3"}
,"/Users/farzana/megaminds5/server/db_Config/config.js": {"path":"/Users/farzana/megaminds5/server/db_Config/config.js","statementMap":{"0":{"start":{"line":1,"column":17},"end":{"line":1,"column":30}},"1":{"start":{"line":3,"column":13},"end":{"line":5,"column":2}},"2":{"start":{"line":7,"column":0},"end":{"line":7,"column":22}}},"fnMap":{},"branchMap":{},"s":{"0":3,"1":3,"2":3},"f":{},"b":{},"_coverageSchema":"1a1c01bbd47fc00a2c39e90264f33305004495a9","hash":"8d78c621c0a1f5e2a75b956b811a5e519301703b"}
,"/Users/farzana/megaminds5/server/model/Users.js": {"path":"/Users/farzana/megaminds5/server/model/Users.js","statementMap":{"0":{"start":{"line":1,"column":11},"end":{"line":1,"column":41}},"1":{"start":{"line":5,"column":8},"end":{"line":5,"column":31}},"2":{"start":{"line":6,"column":8},"end":{"line":6,"column":37}},"3":{"start":{"line":7,"column":8},"end":{"line":7,"column":31}},"4":{"start":{"line":11,"column":8},"end":{"line":20,"column":10}},"5":{"start":{"line":12,"column":12},"end":{"line":18,"column":13}},"6":{"start":{"line":13,"column":31},"end":{"line":13,"column":98}},"7":{"start":{"line":14,"column":33},"end":{"line":14,"column":77}},"8":{"start":{"line":14,"column":59},"end":{"line":14,"column":76}},"9":{"start":{"line":15,"column":16},"end":{"line":15,"column":33}},"10":{"start":{"line":17,"column":16},"end":{"line":17,"column":59}},"11":{"start":{"line":24,"column":8},"end":{"line":48,"column":10}},"12":{"start":{"line":25,"column":12},"end":{"line":47,"column":13}},"13":{"start":{"line":26,"column":16},"end":{"line":44,"column":17}},"14":{"start":{"line":27,"column":36},"end":{"line":27,"column":153}},"15":{"start":{"line":28,"column":20},"end":{"line":28,"column":47}},"16":{"start":{"line":29,"column":23},"end":{"line":44,"column":17}},"17":{"start":{"line":30,"column":36},"end":{"line":30,"column":153}},"18":{"start":{"line":31,"column":36},"end":{"line":31,"column":153}},"19":{"start":{"line":32,"column":20},"end":{"line":32,"column":64}},"20":{"start":{"line":33,"column":23},"end":{"line":44,"column":17}},"21":{"start":{"line":34,"column":35},"end":{"line":34,"column":152}},"22":{"start":{"line":35,"column":35},"end":{"line":35,"column":152}},"23":{"start":{"line":36,"column":35},"end":{"line":36,"column":152}},"24":{"start":{"line":37,"column":20},"end":{"line":37,"column":81}},"25":{"start":{"line":38,"column":23},"end":{"line":44,"column":17}},"26":{"start":{"line":39,"column":35},"end":{"line":39,"column":152}},"27":{"start":{"line":40,"column":35},"end":{"line":40,"column":152}},"28":{"start":{"line":41,"column":35},"end":{"line":41,"column":152}},"29":{"start":{"line":42,"column":35},"end":{"line":42,"column":152}},"30":{"start":{"line":43,"column":20},"end":{"line":43,"column":98}},"31":{"start":{"line":46,"column":16},"end":{"line":46,"column":46}},"32":{"start":{"line":52,"column":0},"end":{"line":52,"column":22}}},"fnMap":{"0":{"name":"(anonymous_0)","decl":{"start":{"line":4,"column":4},"end":{"line":4,"column":5}},"loc":{"start":{"line":4,"column":21},"end":{"line":8,"column":5}},"line":4},"1":{"name":"(anonymous_1)","decl":{"start":{"line":10,"column":4},"end":{"line":10,"column":5}},"loc":{"start":{"line":10,"column":20},"end":{"line":21,"column":5}},"line":10},"2":{"name":"(anonymous_2)","decl":{"start":{"line":11,"column":27},"end":{"line":11,"column":28}},"loc":{"start":{"line":11,"column":54},"end":{"line":20,"column":9}},"line":11},"3":{"name":"(anonymous_3)","decl":{"start":{"line":14,"column":49},"end":{"line":14,"column":50}},"loc":{"start":{"line":14,"column":59},"end":{"line":14,"column":76}},"line":14},"4":{"name":"(anonymous_4)","decl":{"start":{"line":23,"column":4},"end":{"line":23,"column":5}},"loc":{"start":{"line":23,"column":27},"end":{"line":49,"column":5}},"line":23},"5":{"name":"(anonymous_5)","decl":{"start":{"line":24,"column":27},"end":{"line":24,"column":28}},"loc":{"start":{"line":24,"column":54},"end":{"line":48,"column":9}},"line":24}},"branchMap":{"0":{"loc":{"start":{"line":26,"column":16},"end":{"line":44,"column":17}},"type":"if","locations":[{"start":{"line":26,"column":16},"end":{"line":44,"column":17}},{"start":{"line":29,"column":23},"end":{"line":44,"column":17}}],"line":26},"1":{"loc":{"start":{"line":26,"column":20},"end":{"line":26,"column":63}},"type":"binary-expr","locations":[{"start":{"line":26,"column":20},"end":{"line":26,"column":27}},{"start":{"line":26,"column":31},"end":{"line":26,"column":39}},{"start":{"line":26,"column":43},"end":{"line":26,"column":51}},{"start":{"line":26,"column":55},"end":{"line":26,"column":63}}],"line":26},"2":{"loc":{"start":{"line":29,"column":23},"end":{"line":44,"column":17}},"type":"if","locations":[{"start":{"line":29,"column":23},"end":{"line":44,"column":17}},{"start":{"line":33,"column":23},"end":{"line":44,"column":17}}],"line":29},"3":{"loc":{"start":{"line":29,"column":27},"end":{"line":29,"column":69}},"type":"binary-expr","locations":[{"start":{"line":29,"column":27},"end":{"line":29,"column":34}},{"start":{"line":29,"column":38},"end":{"line":29,"column":45}},{"start":{"line":29,"column":49},"end":{"line":29,"column":57}},{"start":{"line":29,"column":61},"end":{"line":29,"column":69}}],"line":29},"4":{"loc":{"start":{"line":33,"column":23},"end":{"line":44,"column":17}},"type":"if","locations":[{"start":{"line":33,"column":23},"end":{"line":44,"column":17}},{"start":{"line":38,"column":23},"end":{"line":44,"column":17}}],"line":33},"5":{"loc":{"start":{"line":33,"column":27},"end":{"line":33,"column":68}},"type":"binary-expr","locations":[{"start":{"line":33,"column":27},"end":{"line":33,"column":34}},{"start":{"line":33,"column":38},"end":{"line":33,"column":45}},{"start":{"line":33,"column":49},"end":{"line":33,"column":56}},{"start":{"line":33,"column":60},"end":{"line":33,"column":68}}],"line":33},"6":{"loc":{"start":{"line":38,"column":23},"end":{"line":44,"column":17}},"type":"if","locations":[{"start":{"line":38,"column":23},"end":{"line":44,"column":17}},{"start":{},"end":{}}],"line":38},"7":{"loc":{"start":{"line":38,"column":27},"end":{"line":38,"column":67}},"type":"binary-expr","locations":[{"start":{"line":38,"column":27},"end":{"line":38,"column":34}},{"start":{"line":38,"column":38},"end":{"line":38,"column":45}},{"start":{"line":38,"column":49},"end":{"line":38,"column":56}},{"start":{"line":38,"column":60},"end":{"line":38,"column":67}}],"line":38}},"s":{"0":3,"1":4,"2":4,"3":4,"4":2,"5":2,"6":2,"7":2,"8":4,"9":1,"10":1,"11":5,"12":5,"13":5,"14":1,"15":1,"16":4,"17":1,"18":1,"19":1,"20":3,"21":1,"22":1,"23":1,"24":1,"25":2,"26":2,"27":2,"28":2,"29":2,"30":2,"31":4,"32":3},"f":{"0":4,"1":2,"2":2,"3":4,"4":5,"5":5},"b":{"0":[1,4],"1":[5,5,1,1],"2":[1,3],"3":[4,4,4,1],"4":[1,2],"5":[3,3,3,3],"6":[2,0],"7":[2,2,2,2]},"_coverageSchema":"1a1c01bbd47fc00a2c39e90264f33305004495a9","hash":"cfc92cf99fb041f64e2fd00db77b43e5b0f774c9"}
,"/Users/farzana/megaminds5/server/routes/userRoutes.js": {"path":"/Users/farzana/megaminds5/server/routes/userRoutes.js","statementMap":{"0":{"start":{"line":1,"column":16},"end":{"line":1,"column":34}},"1":{"start":{"line":2,"column":15},"end":{"line":2,"column":31}},"2":{"start":{"line":3,"column":25},"end":{"line":3,"column":56}},"3":{"start":{"line":5,"column":0},"end":{"line":5,"column":46}},"4":{"start":{"line":6,"column":0},"end":{"line":6,"column":46}},"5":{"start":{"line":8,"column":0},"end":{"line":8,"column":24}}},"fnMap":{},"branchMap":{},"s":{"0":1,"1":1,"2":1,"3":1,"4":1,"5":1},"f":{},"b":{},"_coverageSchema":"1a1c01bbd47fc00a2c39e90264f33305004495a9","hash":"ff628bc367b4fb3aecc03a217b815e77cd68d5fb"}
}
