TN:
SF:server.js
FN:12,(anonymous_0)
FNF:1
FNH:1
FNDA:1,(anonymous_0)
DA:1,1
DA:2,1
DA:4,1
DA:5,1
DA:6,1
DA:7,1
DA:9,1
DA:12,1
DA:14,1
LF:9
LH:9
BRF:0
BRH:0
end_of_record
TN:
SF:controllers\users.js
FN:3,getAllUsers
FN:13,createUser
FNF:2
FNH:2
FNDA:1,getAllUsers
FNDA:1,createUser
DA:1,2
DA:4,1
DA:5,1
DA:6,1
DA:8,0
DA:14,1
DA:15,1
DA:16,1
DA:17,1
DA:19,0
DA:23,2
LF:11
LH:9
BRF:0
BRH:0
end_of_record
TN:
SF:db_Config\config.js
FNF:0
FNH:0
DA:1,3
DA:3,3
DA:7,3
LF:3
LH:3
BRF:0
BRH:0
end_of_record
TN:
SF:model\Users.js
FN:4,(anonymous_0)
FN:10,(anonymous_1)
FN:11,(anonymous_2)
FN:14,(anonymous_3)
FN:23,(anonymous_4)
FN:24,(anonymous_5)
FNF:6
FNH:6
FNDA:4,(anonymous_0)
FNDA:2,(anonymous_1)
FNDA:2,(anonymous_2)
FNDA:4,(anonymous_3)
FNDA:5,(anonymous_4)
FNDA:5,(anonymous_5)
DA:1,3
DA:5,4
DA:6,4
DA:7,4
DA:11,2
DA:12,2
DA:13,2
DA:14,4
DA:15,1
DA:17,1
DA:24,5
DA:25,5
DA:26,5
DA:27,1
DA:28,1
DA:29,4
DA:30,1
DA:31,1
DA:32,1
DA:33,3
DA:34,1
DA:35,1
DA:36,1
DA:37,1
DA:38,2
DA:39,2
DA:40,2
DA:41,2
DA:42,2
DA:43,2
DA:46,4
DA:52,3
LF:32
LH:32
BRDA:26,0,0,1
BRDA:26,0,1,4
BRDA:26,1,0,5
BRDA:26,1,1,5
BRDA:26,1,2,1
BRDA:26,1,3,1
BRDA:29,2,0,1
BRDA:29,2,1,3
BRDA:29,3,0,4
BRDA:29,3,1,4
BRDA:29,3,2,4
BRDA:29,3,3,1
BRDA:33,4,0,1
BRDA:33,4,1,2
BRDA:33,5,0,3
BRDA:33,5,1,3
BRDA:33,5,2,3
BRDA:33,5,3,3
BRDA:38,6,0,2
BRDA:38,6,1,0
BRDA:38,7,0,2
BRDA:38,7,1,2
BRDA:38,7,2,2
BRDA:38,7,3,2
BRF:24
BRH:23
end_of_record
TN:
SF:routes\userRoutes.js
FNF:0
FNH:0
DA:1,1
DA:2,1
DA:3,1
DA:5,1
DA:6,1
DA:8,1
LF:6
LH:6
BRF:0
BRH:0
end_of_record
